Successfully loaded dataset from dataset/M2000/T30/M2000_T30_parallel.json

Dataset specs:
    n° users                               1919 (both training and test set)
    n° items                              12895 (both training and test set)
    n° reviews                            38380 (only training          set)

Tripartite Graph specs:
    n° nodes:                         166295839
    ├── U (users)                          1919 (both training and test set)
    ├── P (preferences)               166268130 (only training          set)
    └── R (representatives)               25790 (both training and test set)
    n° edges:                         332751394
    ├── f: U x P -> {0, 1}               215134 (agreement function)
    └── s: P x R -> {0, 1}            332536260 (support   function)

GRank specs:
    max iterations                            1
    threshold                                 1e-05
    alpha                                     0.85

############################ Command Line Arguments ############################
args.input: dataset/M2000/T30/M2000_T30.json
args.max_iter: 1
args.only_new: false
args.output: <stdout>
args.parallel: 1
args.stop_after: 1
args.threshold: 1.0e-05
args.top_k:
- 10
- 5
- 3
################################### Results ####################################
Building sparse transition matrix T:               100.00 %

^C

Received SIGINT (Ctrl + C)

Command exited with non-zero status 2
	Command being timed: "./grank_whole_transition_matrix_in_scipy_csr_fills_ram_and_stalls_execution.py dataset/M2000/T30/M2000_T30.json --stop-after 1 --output - --top-k 10 --top-k 5 --top-k 3 --max-iter 1 -j 1"
	User time (seconds): 883.70
	System time (seconds): 57.86
	Percent of CPU this job got: 59%
	Elapsed (wall clock) time (h:mm:ss or m:ss): 26:21.28	# more then 26 hours
	Average shared text size (kbytes): 0
	Average unshared data size (kbytes): 0
	Average stack size (kbytes): 0
	Average total size (kbytes): 0
	Maximum resident set size (kbytes): 11947956		# 11.394 GiB of RAM
	Average resident set size (kbytes): 0
	Major (requiring I/O) page faults: 681
	Minor (reclaiming a frame) page faults: 3980278
	Voluntary context switches: 2890
	Involuntary context switches: 34716
	Swaps: 0
	File system inputs: 130152
	File system outputs: 0
	Socket messages sent: 0
	Socket messages received: 0
	Signals delivered: 0
	Page size (bytes): 4096
	Exit status: 2
