Using categories:
	'Books', 'Video Games'.

n° users:         100
n° items:         844
n° reviews:      3000
	Command being timed: "./extract_dataset.py --user ******** --pwd ******** --category Books --category Video Games --users 100 -T 30 --output dataset/M100/T30/M100_T30.json"
	User time (seconds): 47.13
	System time (seconds): 7.62
	Percent of CPU this job got: 98%
	Elapsed (wall clock) time (h:mm:ss or m:ss): 0:55.43
	Average shared text size (kbytes): 0
	Average unshared data size (kbytes): 0
	Average stack size (kbytes): 0
	Average total size (kbytes): 0
	Maximum resident set size (kbytes): 53976
	Average resident set size (kbytes): 0
	Major (requiring I/O) page faults: 0
	Minor (reclaiming a frame) page faults: 16230
	Voluntary context switches: 405102
	Involuntary context switches: 1481
	Swaps: 0
	File system inputs: 0
	File system outputs: 3408
	Socket messages sent: 0
	Socket messages received: 0
	Signals delivered: 0
	Page size (bytes): 4096
	Exit status: 0
