Using categories:
	'Books', 'Video Games'.

n° users:         100
n° items:        1701
n° reviews:      5000
	Command being timed: "./extract_dataset.py --user ******** --pwd ******** --category Books --category Video Games --users 100 -T 50 --output dataset/M100/T50/M100_T50.json"
	User time (seconds): 89.43
	System time (seconds): 12.39
	Percent of CPU this job got: 83%
	Elapsed (wall clock) time (h:mm:ss or m:ss): 2:02.30
	Average shared text size (kbytes): 0
	Average unshared data size (kbytes): 0
	Average stack size (kbytes): 0
	Average total size (kbytes): 0
	Maximum resident set size (kbytes): 53780
	Average resident set size (kbytes): 0
	Major (requiring I/O) page faults: 0
	Minor (reclaiming a frame) page faults: 18296
	Voluntary context switches: 1009468
	Involuntary context switches: 19195
	Swaps: 0
	File system inputs: 0
	File system outputs: 6184
	Socket messages sent: 0
	Socket messages received: 0
	Signals delivered: 0
	Page size (bytes): 4096
	Exit status: 0
