Using categories:
	'Books', 'Video Games'.

n° users:         300
n° items:        2924
n° reviews:     12000
	Command being timed: "./extract_dataset.py --user ******** --pwd ******** --category Books --category Video Games --users 300 -T 40 --output dataset/M300/T40/M300_T40.json"
	User time (seconds): 358.05
	System time (seconds): 39.93
	Percent of CPU this job got: 76%
	Elapsed (wall clock) time (h:mm:ss or m:ss): 8:39.29
	Average shared text size (kbytes): 0
	Average unshared data size (kbytes): 0
	Average stack size (kbytes): 0
	Average total size (kbytes): 0
	Maximum resident set size (kbytes): 53860
	Average resident set size (kbytes): 0
	Major (requiring I/O) page faults: 0
	Minor (reclaiming a frame) page faults: 22507
	Voluntary context switches: 3551268
	Involuntary context switches: 70283
	Swaps: 0
	File system inputs: 0
	File system outputs: 10408
	Socket messages sent: 0
	Socket messages received: 0
	Signals delivered: 0
	Page size (bytes): 4096
	Exit status: 0
